<?xml version="1.0" encoding="UTF-8"?>
<!-- Generated by org.testng.reporters.JUnitReportReporter -->
<testsuite hostname="DESKTOP-V9SCI2U" failures="0" tests="4" name="com.sgtesting.calculator.testcases.DivisionTestcases" time="0.036" errors="0" timestamp="2022-11-18T12:49:22 IST" skipped="0">
  <testcase classname="com.sgtesting.calculator.testcases.DivisionTestcases" name="divideTwoNegativeNumbers" time="0.011"/>
  <system-out/>
  <testcase classname="com.sgtesting.calculator.testcases.DivisionTestcases" name="dividePositiveAndNegativeNumbers" time="0.007"/>
  <system-out/>
  <testcase classname="com.sgtesting.calculator.testcases.DivisionTestcases" name="divideTwoPositiveNumbers" time="0.013"/>
  <system-out/>
  <testcase classname="com.sgtesting.calculator.testcases.DivisionTestcases" name="dividePositiveAndOneNumbers" time="0.005"/>
  <system-out/>
</testsuite> <!-- com.sgtesting.calculator.testcases.DivisionTestcases -->
