<?xml version="1.0" encoding="UTF-8"?>
<!-- Generated by org.testng.reporters.JUnitReportReporter -->
<testsuite hostname="DESKTOP-V9SCI2U" failures="0" tests="2" name="com.sgtesting.hardassertion.AssertEqualsDemo" time="0.034" errors="0" timestamp="2022-11-09T11:29:26 IST" skipped="0">
  <testcase classname="com.sgtesting.hardassertion.AssertEqualsDemo" name="assertNotEqualsDemo" time="0.006"/>
  <system-out/>
  <testcase classname="com.sgtesting.hardassertion.AssertEqualsDemo" name="assertEqualsDemo" time="0.028"/>
  <system-out/>
</testsuite> <!-- com.sgtesting.hardassertion.AssertEqualsDemo -->
