<?xml version="1.0" encoding="UTF-8"?>
<!-- Generated by org.testng.reporters.JUnitReportReporter -->
<testsuite hostname="DESKTOP-V9SCI2U" failures="0" tests="2" name="com.sgtesting.annotationSummary.AnnotationsSummary" time="0.095" errors="0" timestamp="2022-11-09T11:09:49 IST" skipped="0">
  <testcase classname="com.sgtesting.annotationSummary.AnnotationsSummary" name="method2" time="0.037"/>
  <system-out/>
  <testcase classname="com.sgtesting.annotationSummary.AnnotationsSummary" name="method1" time="0.058"/>
  <system-out/>
</testsuite> <!-- com.sgtesting.annotationSummary.AnnotationsSummary -->
