<?xml version="1.0" encoding="UTF-8"?>
<!-- Generated by org.testng.reporters.JUnitReportReporter -->
<testsuite hostname="DESKTOP-V9SCI2U" failures="0" tests="2" name="com.sgtesting.hardassertion.AssertNullDemo" time="0.031" errors="0" timestamp="2022-11-09T11:33:42 IST" skipped="0">
  <testcase classname="com.sgtesting.hardassertion.AssertNullDemo" name="assertNullDemo" time="0.004"/>
  <system-out/>
  <testcase classname="com.sgtesting.hardassertion.AssertNullDemo" name="assertNotNullDemo" time="0.027"/>
  <system-out/>
</testsuite> <!-- com.sgtesting.hardassertion.AssertNullDemo -->
