<?xml version="1.0" encoding="UTF-8"?>
<!-- Generated by org.testng.reporters.JUnitReportReporter -->
<testsuite hostname="DESKTOP-V9SCI2U" failures="0" tests="2" name="com.sgtesting.hardassertion.AssertSameDemo" time="0.043" errors="0" timestamp="2022-11-09T11:35:15 IST" skipped="0">
  <testcase classname="com.sgtesting.hardassertion.AssertSameDemo" name="assertNotSameDemo" time="0.029"/>
  <system-out/>
  <testcase classname="com.sgtesting.hardassertion.AssertSameDemo" name="assertSameDemo" time="0.014"/>
  <system-out/>
</testsuite> <!-- com.sgtesting.hardassertion.AssertSameDemo -->
