<?xml version="1.0" encoding="UTF-8"?>
<!-- Generated by org.testng.reporters.JUnitReportReporter -->
<testsuite hostname="DESKTOP-V9SCI2U" failures="0" tests="3" name="com.sgtesting.parameters.DataProviderDemo" time="0.051" errors="0" timestamp="2022-11-09T11:42:26 IST" skipped="0">
  <testcase classname="com.sgtesting.parameters.DataProviderDemo" name="displayTestData" time="0.015"/>
  <system-out/>
  <testcase classname="com.sgtesting.parameters.DataProviderDemo" name="displayTestData" time="0.025"/>
  <system-out/>
  <testcase classname="com.sgtesting.parameters.DataProviderDemo" name="displayTestData" time="0.011"/>
  <system-out/>
</testsuite> <!-- com.sgtesting.parameters.DataProviderDemo -->
