<?xml version="1.0" encoding="UTF-8"?>
<!-- Generated by org.testng.reporters.JUnitReportReporter -->
<testsuite hostname="DESKTOP-V9SCI2U" failures="0" tests="2" name="com.sgtesting.hardassertion.AssertTrueFalseDemo" time="0.057" errors="0" timestamp="2022-11-09T11:36:37 IST" skipped="0">
  <testcase classname="com.sgtesting.hardassertion.AssertTrueFalseDemo" name="assertTrueDemo" time="0.028"/>
  <system-out/>
  <testcase classname="com.sgtesting.hardassertion.AssertTrueFalseDemo" name="assertFalseDemo" time="0.029"/>
  <system-out/>
</testsuite> <!-- com.sgtesting.hardassertion.AssertTrueFalseDemo -->
