<?xml version="1.0" encoding="UTF-8"?>
<!-- Generated by org.testng.reporters.JUnitReportReporter -->
<testsuite hostname="DESKTOP-V9SCI2U" failures="0" tests="3" name="com.sgtesting.condition.Users" time="0.025" errors="0" timestamp="2022-11-09T11:26:08 IST" skipped="1">
  <testcase classname="com.sgtesting.condition.Users" name="deleteUser" time="0.006"/>
  <system-out/>
  <testcase classname="com.sgtesting.condition.Users" name="createUser" time="0.019"/>
  <system-out/>
  <testcase classname="com.sgtesting.condition.Users" name="modifyUser">
    <skipped/>
  </testcase> <!-- modifyUser -->
  <system-out/>
</testsuite> <!-- com.sgtesting.condition.Users -->
