<?xml version="1.0" encoding="UTF-8"?>
<!-- Generated by org.testng.reporters.JUnitReportReporter -->
<testsuite hostname="DESKTOP-V9SCI2U" failures="0" tests="3" name="com.sgtesting.products.Products" time="0.036" errors="0" timestamp="2022-11-09T14:12:42 IST" skipped="0">
  <testcase classname="com.sgtesting.products.Products" name="deleteProduct" time="0.006"/>
  <system-out/>
  <testcase classname="com.sgtesting.products.Products" name="createProduct" time="0.022"/>
  <system-out/>
  <testcase classname="com.sgtesting.products.Products" name="modifyProduct" time="0.008"/>
  <system-out/>
</testsuite> <!-- com.sgtesting.products.Products -->
