<?xml version="1.0" encoding="UTF-8"?>
<!-- Generated by org.testng.reporters.JUnitReportReporter -->
<testsuite hostname="DESKTOP-V9SCI2U" failures="0" tests="3" name="com.sgtesting.condition.DependsOnMethodsCondition" time="0.080" errors="0" timestamp="2022-11-09T11:18:45 IST" skipped="0">
  <testcase classname="com.sgtesting.condition.DependsOnMethodsCondition" name="deleteUser" time="0.043"/>
  <system-out/>
  <testcase classname="com.sgtesting.condition.DependsOnMethodsCondition" name="createUser" time="0.020"/>
  <system-out/>
  <testcase classname="com.sgtesting.condition.DependsOnMethodsCondition" name="modifyUser" time="0.017"/>
  <system-out/>
</testsuite> <!-- com.sgtesting.condition.DependsOnMethodsCondition -->
