<?xml version="1.0" encoding="UTF-8"?>
<!-- Generated by org.testng.reporters.JUnitReportReporter -->
<testsuite hostname="DESKTOP-V9SCI2U" failures="0" tests="3" name="com.sgtesting.users.Users" time="0.034" errors="0" timestamp="2022-11-10T13:32:08 IST" skipped="0">
  <testcase classname="com.sgtesting.users.Users" name="deleteUser" time="0.004"/>
  <system-out/>
  <testcase classname="com.sgtesting.users.Users" name="createUser" time="0.015"/>
  <system-out/>
  <testcase classname="com.sgtesting.users.Users" name="modifyUser" time="0.015"/>
  <system-out/>
</testsuite> <!-- com.sgtesting.users.Users -->
