<?xml version="1.0" encoding="UTF-8"?>
<!-- Generated by org.testng.reporters.JUnitReportReporter -->
<testsuite skipped="0" hostname="DESKTOP-V9SCI2U" name="com.sgtesting.actitime.LoggingTest" tests="1" failures="0" timestamp="2022-11-25T12:28:25 IST" time="0.081" errors="0">
  <testcase name="displaNumbers" time="0.081" classname="com.sgtesting.actitime.LoggingTest"/>
  <system-out/>
</testsuite> <!-- com.sgtesting.actitime.LoggingTest -->
