<?xml version="1.0" encoding="UTF-8"?>
<!-- Generated by org.testng.reporters.JUnitReportReporter -->
<testsuite skipped="0" hostname="DESKTOP-V9SCI2U" name="com.sgtesting.actitime.LoginLogoutDemo" tests="6" failures="0" timestamp="2022-11-25T12:49:08 IST" time="32.843" errors="0">
  <testcase name="launchBrowser" time="9.374" classname="com.sgtesting.actitime.LoginLogoutDemo"/>
  <system-out/>
  <testcase name="navigate" time="8.239" classname="com.sgtesting.actitime.LoginLogoutDemo"/>
  <system-out/>
  <testcase name="login" time="6.034" classname="com.sgtesting.actitime.LoginLogoutDemo"/>
  <system-out/>
  <testcase name="minimizeFlyOutwindow" time="2.330" classname="com.sgtesting.actitime.LoginLogoutDemo"/>
  <system-out/>
  <testcase name="logout" time="4.394" classname="com.sgtesting.actitime.LoginLogoutDemo"/>
  <system-out/>
  <testcase name="closeApp" time="2.472" classname="com.sgtesting.actitime.LoginLogoutDemo"/>
  <system-out/>
</testsuite> <!-- com.sgtesting.actitime.LoginLogoutDemo -->
