<?xml version="1.0" encoding="UTF-8"?>
<!-- Generated by org.testng.reporters.JUnitReportReporter -->
<testsuite skipped="0" hostname="DESKTOP-V9SCI2U" name="com.sgtesting.actitime.driverscript.DriverScript" tests="1" failures="0" timestamp="2022-11-22T13:18:41 IST" time="49.281" errors="0">
  <testcase name="feature" time="49.281" classname="com.sgtesting.actitime.driverscript.DriverScript"/>
  <system-out/>
</testsuite> <!-- com.sgtesting.actitime.driverscript.DriverScript -->
