<?xml version="1.0" encoding="UTF-8"?>
<!-- Generated by org.testng.reporters.JUnitReportReporter -->
<testsuite hostname="DESKTOP-V9SCI2U" failures="0" tests="9" name="com.MavenActi.programs.Assignment2" time="48.464" errors="0" timestamp="2022-11-12T16:05:35 IST" skipped="0">
  <testcase classname="com.MavenActi.programs.Assignment2" name="launchBrowser" time="3.267"/>
  <system-out/>
  <testcase classname="com.MavenActi.programs.Assignment2" name="navigate" time="7.155"/>
  <system-out/>
  <testcase classname="com.MavenActi.programs.Assignment2" name="login" time="5.730"/>
  <system-out/>
  <testcase classname="com.MavenActi.programs.Assignment2" name="minimizeFlyOutwindow" time="2.580"/>
  <system-out/>
  <testcase classname="com.MavenActi.programs.Assignment2" name="createUser" time="19.557"/>
  <system-out/>
  <testcase classname="com.MavenActi.programs.Assignment2" name="modifyuser" time="0.170"/>
  <system-out/>
  <testcase classname="com.MavenActi.programs.Assignment2" name="deleteUser" time="6.530"/>
  <system-out/>
  <testcase classname="com.MavenActi.programs.Assignment2" name="logout" time="2.871"/>
  <system-out/>
  <testcase classname="com.MavenActi.programs.Assignment2" name="closeApp" time="0.604"/>
  <system-out/>
</testsuite> <!-- com.MavenActi.programs.Assignment2 -->
