<?xml version="1.0" encoding="UTF-8"?>
<!-- Generated by org.testng.reporters.JUnitReportReporter -->
<testsuite hostname="DESKTOP-V9SCI2U" failures="0" tests="8" name="com.MavenActi.programs.Assignment4" time="39.392" errors="0" timestamp="2022-11-12T16:05:35 IST" skipped="0">
  <testcase classname="com.MavenActi.programs.Assignment4" name="launchBrowser" time="3.317"/>
  <system-out/>
  <testcase classname="com.MavenActi.programs.Assignment4" name="navigate" time="7.347"/>
  <system-out/>
  <testcase classname="com.MavenActi.programs.Assignment4" name="login" time="5.664"/>
  <system-out/>
  <testcase classname="com.MavenActi.programs.Assignment4" name="minimizeFlyOutwindow" time="2.235"/>
  <system-out/>
  <testcase classname="com.MavenActi.programs.Assignment4" name="addCustomer" time="17.493"/>
  <system-out/>
  <testcase classname="com.MavenActi.programs.Assignment4" name="deleteCustomer" time="1.218"/>
  <system-out/>
  <testcase classname="com.MavenActi.programs.Assignment4" name="logout" time="1.220"/>
  <system-out/>
  <testcase classname="com.MavenActi.programs.Assignment4" name="closeApp" time="0.898"/>
  <system-out/>
</testsuite> <!-- com.MavenActi.programs.Assignment4 -->
