<?xml version="1.0" encoding="UTF-8"?>
<!-- Generated by org.testng.reporters.JUnitReportReporter -->
<testsuite hostname="DESKTOP-V9SCI2U" failures="0" tests="3" name="com.sgtesting.testcases.Users" time="0.092" errors="0" timestamp="2022-11-10T13:40:52 IST" skipped="0">
  <testcase classname="com.sgtesting.testcases.Users" name="modifyUser" time="0.045"/>
  <system-out/>
  <testcase classname="com.sgtesting.testcases.Users" name="createUser" time="0.040"/>
  <system-out/>
  <testcase classname="com.sgtesting.testcases.Users" name="deleteUser" time="0.007"/>
  <system-out/>
</testsuite> <!-- com.sgtesting.testcases.Users -->
