<?xml version="1.0" encoding="UTF-8"?>
<!-- Generated by org.testng.reporters.JUnitReportReporter -->
<testsuite hostname="DESKTOP-V9SCI2U" failures="0" tests="10" name="com.MavenActi.programs.Assignment8" time="78.393" errors="0" timestamp="2022-11-12T16:05:35 IST" skipped="0">
  <testcase classname="com.MavenActi.programs.Assignment8" name="launchBrowser" time="3.710"/>
  <system-out/>
  <testcase classname="com.MavenActi.programs.Assignment8" name="navigate" time="7.445"/>
  <system-out/>
  <testcase classname="com.MavenActi.programs.Assignment8" name="login" time="5.953"/>
  <system-out/>
  <testcase classname="com.MavenActi.programs.Assignment8" name="minimizeFlyOutwindow" time="2.218"/>
  <system-out/>
  <testcase classname="com.MavenActi.programs.Assignment8" name="addCustomer" time="17.784"/>
  <system-out/>
  <testcase classname="com.MavenActi.programs.Assignment8" name="creatProject" time="12.843"/>
  <system-out/>
  <testcase classname="com.MavenActi.programs.Assignment8" name="CreatTask" time="12.119"/>
  <system-out/>
  <testcase classname="com.MavenActi.programs.Assignment8" name="logout" time="2.798"/>
  <system-out/>
  <testcase classname="com.MavenActi.programs.Assignment8" name="deleteCustomer" time="12.731"/>
  <system-out/>
  <testcase classname="com.MavenActi.programs.Assignment8" name="closeApp" time="0.792"/>
  <system-out/>
</testsuite> <!-- com.MavenActi.programs.Assignment8 -->
