<?xml version="1.0" encoding="UTF-8"?>
<!-- Generated by org.testng.reporters.JUnitReportReporter -->
<testsuite hostname="DESKTOP-V9SCI2U" failures="0" tests="8" name="com.MavenActi.programs.Assignment1" time="57.602" errors="0" timestamp="2022-11-12T16:05:35 IST" skipped="0">
  <testcase classname="com.MavenActi.programs.Assignment1" name="launchBrowser" time="10.692"/>
  <system-out/>
  <testcase classname="com.MavenActi.programs.Assignment1" name="navigate" time="8.091"/>
  <system-out/>
  <testcase classname="com.MavenActi.programs.Assignment1" name="login" time="6.297"/>
  <system-out/>
  <testcase classname="com.MavenActi.programs.Assignment1" name="minimizeFlyOutwindow" time="2.736"/>
  <system-out/>
  <testcase classname="com.MavenActi.programs.Assignment1" name="createUser" time="19.655"/>
  <system-out/>
  <testcase classname="com.MavenActi.programs.Assignment1" name="deleteUser" time="6.586"/>
  <system-out/>
  <testcase classname="com.MavenActi.programs.Assignment1" name="logout" time="2.746"/>
  <system-out/>
  <testcase classname="com.MavenActi.programs.Assignment1" name="closeApp" time="0.799"/>
  <system-out/>
</testsuite> <!-- com.MavenActi.programs.Assignment1 -->
