<?xml version="1.0" encoding="UTF-8"?>
<!-- Generated by org.testng.reporters.JUnitReportReporter -->
<testsuite hostname="DESKTOP-V9SCI2U" failures="0" tests="1" name="com.sgtesting.testcases.Assignment1" time="0.048" errors="0" timestamp="2022-11-12T15:46:21 IST" skipped="0">
  <testcase classname="com.sgtesting.testcases.Assignment1" name="navigate" time="0.048"/>
  <system-out/>
</testsuite> <!-- com.sgtesting.testcases.Assignment1 -->
