<?xml version="1.0" encoding="UTF-8"?>
<!-- Generated by org.testng.reporters.JUnitReportReporter -->
<testsuite hostname="DESKTOP-V9SCI2U" failures="0" tests="9" name="com.MavenActi.programs.Assignment5" time="39.338" errors="0" timestamp="2022-11-12T16:05:35 IST" skipped="0">
  <testcase classname="com.MavenActi.programs.Assignment5" name="launchBrowser" time="2.640"/>
  <system-out/>
  <testcase classname="com.MavenActi.programs.Assignment5" name="navigate" time="7.563"/>
  <system-out/>
  <testcase classname="com.MavenActi.programs.Assignment5" name="login" time="5.713"/>
  <system-out/>
  <testcase classname="com.MavenActi.programs.Assignment5" name="minimizeFlyOutwindow" time="2.201"/>
  <system-out/>
  <testcase classname="com.MavenActi.programs.Assignment5" name="addCustomer" time="16.943"/>
  <system-out/>
  <testcase classname="com.MavenActi.programs.Assignment5" name="modifyCustomer" time="1.122"/>
  <system-out/>
  <testcase classname="com.MavenActi.programs.Assignment5" name="deleteCustomer" time="1.186"/>
  <system-out/>
  <testcase classname="com.MavenActi.programs.Assignment5" name="logout" time="1.258"/>
  <system-out/>
  <testcase classname="com.MavenActi.programs.Assignment5" name="closeApp" time="0.712"/>
  <system-out/>
</testsuite> <!-- com.MavenActi.programs.Assignment5 -->
