<?xml version="1.0" encoding="UTF-8"?>
<!-- Generated by org.testng.reporters.JUnitReportReporter -->
<testsuite hostname="DESKTOP-V9SCI2U" failures="0" tests="10" name="com.MavenActi.programs.Assignment7" time="38.036" errors="0" timestamp="2022-11-12T16:05:35 IST" skipped="0">
  <testcase classname="com.MavenActi.programs.Assignment7" name="launchBrowser" time="2.651"/>
  <system-out/>
  <testcase classname="com.MavenActi.programs.Assignment7" name="navigate" time="7.103"/>
  <system-out/>
  <testcase classname="com.MavenActi.programs.Assignment7" name="login" time="5.681"/>
  <system-out/>
  <testcase classname="com.MavenActi.programs.Assignment7" name="minimizeFlyOutwindow" time="2.251"/>
  <system-out/>
  <testcase classname="com.MavenActi.programs.Assignment7" name="addCustomer" time="15.762"/>
  <system-out/>
  <testcase classname="com.MavenActi.programs.Assignment7" name="creatProject" time="1.153"/>
  <system-out/>
  <testcase classname="com.MavenActi.programs.Assignment7" name="ModifyProject" time="0.060"/>
  <system-out/>
  <testcase classname="com.MavenActi.programs.Assignment7" name="DeleteProject" time="1.189"/>
  <system-out/>
  <testcase classname="com.MavenActi.programs.Assignment7" name="logout" time="1.233"/>
  <system-out/>
  <testcase classname="com.MavenActi.programs.Assignment7" name="closeApp" time="0.953"/>
  <system-out/>
</testsuite> <!-- com.MavenActi.programs.Assignment7 -->
