<?xml version="1.0" encoding="UTF-8"?>
<!-- Generated by org.testng.reporters.JUnitReportReporter -->
<testsuite hostname="DESKTOP-V9SCI2U" failures="0" tests="9" name="com.MavenActi.programs.Assignment6" time="39.560" errors="0" timestamp="2022-11-12T16:05:35 IST" skipped="0">
  <testcase classname="com.MavenActi.programs.Assignment6" name="launchBrowser" time="2.567"/>
  <system-out/>
  <testcase classname="com.MavenActi.programs.Assignment6" name="navigate" time="8.446"/>
  <system-out/>
  <testcase classname="com.MavenActi.programs.Assignment6" name="login" time="5.656"/>
  <system-out/>
  <testcase classname="com.MavenActi.programs.Assignment6" name="minimizeFlyOutwindow" time="2.312"/>
  <system-out/>
  <testcase classname="com.MavenActi.programs.Assignment6" name="addCustomer" time="16.021"/>
  <system-out/>
  <testcase classname="com.MavenActi.programs.Assignment6" name="creatProject" time="1.228"/>
  <system-out/>
  <testcase classname="com.MavenActi.programs.Assignment6" name="deleteProject" time="1.247"/>
  <system-out/>
  <testcase classname="com.MavenActi.programs.Assignment6" name="logout" time="1.328"/>
  <system-out/>
  <testcase classname="com.MavenActi.programs.Assignment6" name="closeApp" time="0.755"/>
  <system-out/>
</testsuite> <!-- com.MavenActi.programs.Assignment6 -->
