<?xml version="1.0" encoding="UTF-8"?>
<!-- Generated by org.testng.reporters.JUnitReportReporter -->
<testsuite hostname="DESKTOP-V9SCI2U" failures="0" tests="10" name="com.TestNGActitime.programs.Assignment8" time="75.686" errors="0" timestamp="2022-11-12T00:09:49 IST" skipped="0">
  <testcase classname="com.TestNGActitime.programs.Assignment8" name="launchBrowser" time="3.438"/>
  <system-out/>
  <testcase classname="com.TestNGActitime.programs.Assignment8" name="navigate" time="7.343"/>
  <system-out/>
  <testcase classname="com.TestNGActitime.programs.Assignment8" name="login" time="5.651"/>
  <system-out/>
  <testcase classname="com.TestNGActitime.programs.Assignment8" name="minimizeFlyOutwindow" time="2.215"/>
  <system-out/>
  <testcase classname="com.TestNGActitime.programs.Assignment8" name="addCustomer" time="15.174"/>
  <system-out/>
  <testcase classname="com.TestNGActitime.programs.Assignment8" name="creatProject" time="13.146"/>
  <system-out/>
  <testcase classname="com.TestNGActitime.programs.Assignment8" name="CreatTask" time="12.092"/>
  <system-out/>
  <testcase classname="com.TestNGActitime.programs.Assignment8" name="logout" time="3.169"/>
  <system-out/>
  <testcase classname="com.TestNGActitime.programs.Assignment8" name="deleteCustomer" time="12.732"/>
  <system-out/>
  <testcase classname="com.TestNGActitime.programs.Assignment8" name="closeApp" time="0.726"/>
  <system-out/>
</testsuite> <!-- com.TestNGActitime.programs.Assignment8 -->
