<?xml version="1.0" encoding="UTF-8"?>
<!-- Generated by org.testng.reporters.JUnitReportReporter -->
<testsuite hostname="DESKTOP-V9SCI2U" failures="0" tests="8" name="com.TestNGActitime.programs.Assignment1" time="48.447" errors="0" timestamp="2022-11-10T22:45:10 IST" skipped="0">
  <testcase classname="com.TestNGActitime.programs.Assignment1" name="launchBrowser" time="6.984"/>
  <system-out/>
  <testcase classname="com.TestNGActitime.programs.Assignment1" name="navigate" time="6.897"/>
  <system-out/>
  <testcase classname="com.TestNGActitime.programs.Assignment1" name="login" time="5.823"/>
  <system-out/>
  <testcase classname="com.TestNGActitime.programs.Assignment1" name="minimizeFlyOutwindow" time="2.243"/>
  <system-out/>
  <testcase classname="com.TestNGActitime.programs.Assignment1" name="createUser" time="16.021"/>
  <system-out/>
  <testcase classname="com.TestNGActitime.programs.Assignment1" name="deleteUser" time="6.575"/>
  <system-out/>
  <testcase classname="com.TestNGActitime.programs.Assignment1" name="logout" time="2.976"/>
  <system-out/>
  <testcase classname="com.TestNGActitime.programs.Assignment1" name="closeApp" time="0.928"/>
  <system-out/>
</testsuite> <!-- com.TestNGActitime.programs.Assignment1 -->
