<?xml version="1.0" encoding="UTF-8"?>
<!-- Generated by org.testng.reporters.JUnitReportReporter -->
<testsuite hostname="DESKTOP-V9SCI2U" failures="0" tests="9" name="com.sgtesting.tests.Assignment2" time="51.604" errors="0" timestamp="2022-11-10T23:50:55 IST" skipped="0">
  <testcase classname="com.sgtesting.tests.Assignment2" name="launchBrowser" time="7.645"/>
  <system-out/>
  <testcase classname="com.sgtesting.tests.Assignment2" name="navigate" time="7.664"/>
  <system-out/>
  <testcase classname="com.sgtesting.tests.Assignment2" name="login" time="5.808"/>
  <system-out/>
  <testcase classname="com.sgtesting.tests.Assignment2" name="minimizeFlyOutwindow" time="2.239"/>
  <system-out/>
  <testcase classname="com.sgtesting.tests.Assignment2" name="createUser" time="17.878"/>
  <system-out/>
  <testcase classname="com.sgtesting.tests.Assignment2" name="modifyuser" time="0.098"/>
  <system-out/>
  <testcase classname="com.sgtesting.tests.Assignment2" name="deleteUser" time="6.446"/>
  <system-out/>
  <testcase classname="com.sgtesting.tests.Assignment2" name="logout" time="3.175"/>
  <system-out/>
  <testcase classname="com.sgtesting.tests.Assignment2" name="closeApp" time="0.651"/>
  <system-out/>
</testsuite> <!-- com.sgtesting.tests.Assignment2 -->
