<?xml version="1.0" encoding="UTF-8"?>
<!-- Generated by org.testng.reporters.JUnitReportReporter -->
<testsuite hostname="DESKTOP-V9SCI2U" failures="0" tests="8" name="com.TestNGActitime.programs.ActiTestNGScinario" time="56.322" errors="0" timestamp="2022-11-09T20:26:56 IST" skipped="0">
  <testcase classname="com.TestNGActitime.programs.ActiTestNGScinario" name="launchBrowser" time="11.949"/>
  <system-out/>
  <testcase classname="com.TestNGActitime.programs.ActiTestNGScinario" name="navigate" time="7.185"/>
  <system-out/>
  <testcase classname="com.TestNGActitime.programs.ActiTestNGScinario" name="login" time="5.694"/>
  <system-out/>
  <testcase classname="com.TestNGActitime.programs.ActiTestNGScinario" name="minimizeFlyOutwindow" time="2.212"/>
  <system-out/>
  <testcase classname="com.TestNGActitime.programs.ActiTestNGScinario" name="createUser" time="17.302"/>
  <system-out/>
  <testcase classname="com.TestNGActitime.programs.ActiTestNGScinario" name="deleteUser" time="6.467"/>
  <system-out/>
  <testcase classname="com.TestNGActitime.programs.ActiTestNGScinario" name="logout" time="4.254"/>
  <system-out/>
  <testcase classname="com.TestNGActitime.programs.ActiTestNGScinario" name="closeApplication" time="1.259"/>
  <system-out/>
</testsuite> <!-- com.TestNGActitime.programs.ActiTestNGScinario -->
