<?xml version="1.0" encoding="UTF-8"?>
<!-- Generated by org.testng.reporters.JUnitReportReporter -->
<testsuite hostname="DESKTOP-V9SCI2U" failures="0" tests="9" name="com.TestNGActitime.programs.Assignment2" time="45.245" errors="0" timestamp="2022-11-12T00:09:49 IST" skipped="0">
  <testcase classname="com.TestNGActitime.programs.Assignment2" name="launchBrowser" time="3.311"/>
  <system-out/>
  <testcase classname="com.TestNGActitime.programs.Assignment2" name="navigate" time="7.460"/>
  <system-out/>
  <testcase classname="com.TestNGActitime.programs.Assignment2" name="login" time="5.694"/>
  <system-out/>
  <testcase classname="com.TestNGActitime.programs.Assignment2" name="minimizeFlyOutwindow" time="2.337"/>
  <system-out/>
  <testcase classname="com.TestNGActitime.programs.Assignment2" name="createUser" time="15.951"/>
  <system-out/>
  <testcase classname="com.TestNGActitime.programs.Assignment2" name="modifyuser" time="0.106"/>
  <system-out/>
  <testcase classname="com.TestNGActitime.programs.Assignment2" name="deleteUser" time="6.545"/>
  <system-out/>
  <testcase classname="com.TestNGActitime.programs.Assignment2" name="logout" time="3.267"/>
  <system-out/>
  <testcase classname="com.TestNGActitime.programs.Assignment2" name="closeApp" time="0.574"/>
  <system-out/>
</testsuite> <!-- com.TestNGActitime.programs.Assignment2 -->
