<?xml version="1.0" encoding="UTF-8"?>
<!-- Generated by org.testng.reporters.JUnitReportReporter -->
<testsuite hostname="DESKTOP-V9SCI2U" failures="0" tests="9" name="com.TestNGActitime.programs.Assignment6" time="38.616" errors="0" timestamp="2022-11-12T00:09:49 IST" skipped="0">
  <testcase classname="com.TestNGActitime.programs.Assignment6" name="launchBrowser" time="3.236"/>
  <system-out/>
  <testcase classname="com.TestNGActitime.programs.Assignment6" name="navigate" time="7.516"/>
  <system-out/>
  <testcase classname="com.TestNGActitime.programs.Assignment6" name="login" time="5.804"/>
  <system-out/>
  <testcase classname="com.TestNGActitime.programs.Assignment6" name="minimizeFlyOutwindow" time="2.347"/>
  <system-out/>
  <testcase classname="com.TestNGActitime.programs.Assignment6" name="addCustomer" time="15.538"/>
  <system-out/>
  <testcase classname="com.TestNGActitime.programs.Assignment6" name="creatProject" time="1.163"/>
  <system-out/>
  <testcase classname="com.TestNGActitime.programs.Assignment6" name="deleteProject" time="1.181"/>
  <system-out/>
  <testcase classname="com.TestNGActitime.programs.Assignment6" name="logout" time="1.206"/>
  <system-out/>
  <testcase classname="com.TestNGActitime.programs.Assignment6" name="closeApp" time="0.625"/>
  <system-out/>
</testsuite> <!-- com.TestNGActitime.programs.Assignment6 -->
