<?xml version="1.0" encoding="UTF-8"?>
<!-- Generated by org.testng.reporters.JUnitReportReporter -->
<testsuite hostname="DESKTOP-V9SCI2U" failures="0" tests="8" name="com.TestNGActitime.programs.Assignment1" time="60.606" errors="0" timestamp="2022-11-12T00:09:49 IST" skipped="0">
  <testcase classname="com.TestNGActitime.programs.Assignment1" name="launchBrowser" time="12.957"/>
  <system-out/>
  <testcase classname="com.TestNGActitime.programs.Assignment1" name="navigate" time="8.872"/>
  <system-out/>
  <testcase classname="com.TestNGActitime.programs.Assignment1" name="login" time="9.058"/>
  <system-out/>
  <testcase classname="com.TestNGActitime.programs.Assignment1" name="minimizeFlyOutwindow" time="2.544"/>
  <system-out/>
  <testcase classname="com.TestNGActitime.programs.Assignment1" name="createUser" time="16.364"/>
  <system-out/>
  <testcase classname="com.TestNGActitime.programs.Assignment1" name="deleteUser" time="7.216"/>
  <system-out/>
  <testcase classname="com.TestNGActitime.programs.Assignment1" name="logout" time="2.850"/>
  <system-out/>
  <testcase classname="com.TestNGActitime.programs.Assignment1" name="closeApp" time="0.745"/>
  <system-out/>
</testsuite> <!-- com.TestNGActitime.programs.Assignment1 -->
