<?xml version="1.0" encoding="UTF-8"?>
<!-- Generated by org.testng.reporters.JUnitReportReporter -->
<testsuite hostname="DESKTOP-V9SCI2U" failures="0" tests="9" name="com.Assignments.programs.Assignment6" time="72.931" errors="0" timestamp="2022-11-11T19:16:53 IST" skipped="0">
  <testcase classname="com.Assignments.programs.Assignment6" name="launchBrowser" time="5.947"/>
  <system-out/>
  <testcase classname="com.Assignments.programs.Assignment6" name="navigate" time="7.340"/>
  <system-out/>
  <testcase classname="com.Assignments.programs.Assignment6" name="login" time="5.950"/>
  <system-out/>
  <testcase classname="com.Assignments.programs.Assignment6" name="minimizeFlyOutwindow" time="2.233"/>
  <system-out/>
  <testcase classname="com.Assignments.programs.Assignment6" name="createUser" time="19.113"/>
  <system-out/>
  <testcase classname="com.Assignments.programs.Assignment6" name="addCustomer" time="15.266"/>
  <system-out/>
  <testcase classname="com.Assignments.programs.Assignment6" name="deleteProject" time="12.881"/>
  <system-out/>
  <testcase classname="com.Assignments.programs.Assignment6" name="logout" time="3.065"/>
  <system-out/>
  <testcase classname="com.Assignments.programs.Assignment6" name="closeApp" time="1.136"/>
  <system-out/>
</testsuite> <!-- com.Assignments.programs.Assignment6 -->
