<?xml version="1.0" encoding="UTF-8"?>
<!-- Generated by org.testng.reporters.JUnitReportReporter -->
<testsuite hostname="DESKTOP-V9SCI2U" failures="0" tests="8" name="com.TestNGActitime.programs.Assignment4" time="38.631" errors="0" timestamp="2022-11-12T00:09:49 IST" skipped="0">
  <testcase classname="com.TestNGActitime.programs.Assignment4" name="launchBrowser" time="3.528"/>
  <system-out/>
  <testcase classname="com.TestNGActitime.programs.Assignment4" name="navigate" time="7.614"/>
  <system-out/>
  <testcase classname="com.TestNGActitime.programs.Assignment4" name="login" time="5.747"/>
  <system-out/>
  <testcase classname="com.TestNGActitime.programs.Assignment4" name="minimizeFlyOutwindow" time="2.430"/>
  <system-out/>
  <testcase classname="com.TestNGActitime.programs.Assignment4" name="addCustomer" time="15.931"/>
  <system-out/>
  <testcase classname="com.TestNGActitime.programs.Assignment4" name="deleteCustomer" time="1.162"/>
  <system-out/>
  <testcase classname="com.TestNGActitime.programs.Assignment4" name="logout" time="1.290"/>
  <system-out/>
  <testcase classname="com.TestNGActitime.programs.Assignment4" name="closeApp" time="0.929"/>
  <system-out/>
</testsuite> <!-- com.TestNGActitime.programs.Assignment4 -->
