<?xml version="1.0" encoding="UTF-8"?>
<!-- Generated by org.testng.reporters.JUnitReportReporter -->
<testsuite hostname="DESKTOP-V9SCI2U" failures="0" tests="10" name="com.TestNGActitime.programs.Assignment7" time="38.157" errors="0" timestamp="2022-11-12T00:09:49 IST" skipped="0">
  <testcase classname="com.TestNGActitime.programs.Assignment7" name="launchBrowser" time="3.110"/>
  <system-out/>
  <testcase classname="com.TestNGActitime.programs.Assignment7" name="navigate" time="7.205"/>
  <system-out/>
  <testcase classname="com.TestNGActitime.programs.Assignment7" name="login" time="5.759"/>
  <system-out/>
  <testcase classname="com.TestNGActitime.programs.Assignment7" name="minimizeFlyOutwindow" time="2.328"/>
  <system-out/>
  <testcase classname="com.TestNGActitime.programs.Assignment7" name="addCustomer" time="15.467"/>
  <system-out/>
  <testcase classname="com.TestNGActitime.programs.Assignment7" name="creatProject" time="1.148"/>
  <system-out/>
  <testcase classname="com.TestNGActitime.programs.Assignment7" name="ModifyProject" time="0.109"/>
  <system-out/>
  <testcase classname="com.TestNGActitime.programs.Assignment7" name="DeleteProject" time="1.231"/>
  <system-out/>
  <testcase classname="com.TestNGActitime.programs.Assignment7" name="logout" time="1.202"/>
  <system-out/>
  <testcase classname="com.TestNGActitime.programs.Assignment7" name="closeApp" time="0.598"/>
  <system-out/>
</testsuite> <!-- com.TestNGActitime.programs.Assignment7 -->
