<?xml version="1.0" encoding="UTF-8"?>
<!-- Generated by org.testng.reporters.JUnitReportReporter -->
<testsuite hostname="DESKTOP-V9SCI2U" failures="0" tests="9" name="com.TestNGActitime.programs.Assignment5" time="37.795" errors="0" timestamp="2022-11-12T00:09:49 IST" skipped="0">
  <testcase classname="com.TestNGActitime.programs.Assignment5" name="launchBrowser" time="3.297"/>
  <system-out/>
  <testcase classname="com.TestNGActitime.programs.Assignment5" name="navigate" time="6.962"/>
  <system-out/>
  <testcase classname="com.TestNGActitime.programs.Assignment5" name="login" time="5.626"/>
  <system-out/>
  <testcase classname="com.TestNGActitime.programs.Assignment5" name="minimizeFlyOutwindow" time="2.233"/>
  <system-out/>
  <testcase classname="com.TestNGActitime.programs.Assignment5" name="addCustomer" time="15.371"/>
  <system-out/>
  <testcase classname="com.TestNGActitime.programs.Assignment5" name="modifyCustomer" time="1.147"/>
  <system-out/>
  <testcase classname="com.TestNGActitime.programs.Assignment5" name="deleteCustomer" time="1.261"/>
  <system-out/>
  <testcase classname="com.TestNGActitime.programs.Assignment5" name="logout" time="1.338"/>
  <system-out/>
  <testcase classname="com.TestNGActitime.programs.Assignment5" name="closeApp" time="0.560"/>
  <system-out/>
</testsuite> <!-- com.TestNGActitime.programs.Assignment5 -->
