<?xml version="1.0" encoding="UTF-8"?>
<!-- Generated by org.testng.reporters.JUnitReportReporter -->
<testsuite hostname="DESKTOP-V9SCI2U" failures="0" tests="9" name="com.sgtesting.tests.Assignment2" time="47.965" errors="0" timestamp="2022-11-10T23:07:13 IST" skipped="0">
  <testcase classname="com.sgtesting.tests.Assignment2" name="launchBrowser" time="5.963"/>
  <system-out/>
  <testcase classname="com.sgtesting.tests.Assignment2" name="navigate" time="7.002"/>
  <system-out/>
  <testcase classname="com.sgtesting.tests.Assignment2" name="login" time="5.798"/>
  <system-out/>
  <testcase classname="com.sgtesting.tests.Assignment2" name="minimizeFlyOutwindow" time="2.581"/>
  <system-out/>
  <testcase classname="com.sgtesting.tests.Assignment2" name="createUser" time="15.657"/>
  <system-out/>
  <testcase classname="com.sgtesting.tests.Assignment2" name="modifyuser" time="0.097"/>
  <system-out/>
  <testcase classname="com.sgtesting.tests.Assignment2" name="deleteUser" time="6.847"/>
  <system-out/>
  <testcase classname="com.sgtesting.tests.Assignment2" name="logout" time="2.964"/>
  <system-out/>
  <testcase classname="com.sgtesting.tests.Assignment2" name="closeApp" time="1.056"/>
  <system-out/>
</testsuite> <!-- com.sgtesting.tests.Assignment2 -->
