<?xml version="1.0" encoding="UTF-8"?>
<!-- Generated by org.testng.reporters.JUnitReportReporter -->
<testsuite skipped="0" hostname="DESKTOP-V9SCI2U" name="com.sgtesting.actitime.testsuite.DriverScript" tests="2" failures="0" timestamp="2022-11-24T21:49:11 IST" time="140.857" errors="0">
  <testcase name="feature" time="89.334" classname="com.sgtesting.actitime.testsuite.DriverScript"/>
  <system-out/>
  <testcase name="feature" time="51.523" classname="com.sgtesting.actitime.testsuite.DriverScript"/>
  <system-out/>
</testsuite> <!-- com.sgtesting.actitime.testsuite.DriverScript -->
