<?xml version="1.0" encoding="UTF-8"?>
<!-- Generated by org.testng.reporters.JUnitReportReporter -->
<testsuite hostname="DESKTOP-V9SCI2U" failures="0" tests="8" name="com.MavenActi.programs.Assignment1" time="55.340" errors="0" timestamp="2022-11-12T16:15:11 IST" skipped="0">
  <testcase classname="com.MavenActi.programs.Assignment1" name="launchBrowser" time="8.517"/>
  <system-out/>
  <testcase classname="com.MavenActi.programs.Assignment1" name="navigate" time="7.748"/>
  <system-out/>
  <testcase classname="com.MavenActi.programs.Assignment1" name="login" time="6.110"/>
  <system-out/>
  <testcase classname="com.MavenActi.programs.Assignment1" name="minimizeFlyOutwindow" time="2.323"/>
  <system-out/>
  <testcase classname="com.MavenActi.programs.Assignment1" name="createUser" time="19.520"/>
  <system-out/>
  <testcase classname="com.MavenActi.programs.Assignment1" name="deleteUser" time="6.856"/>
  <system-out/>
  <testcase classname="com.MavenActi.programs.Assignment1" name="logout" time="3.440"/>
  <system-out/>
  <testcase classname="com.MavenActi.programs.Assignment1" name="closeApp" time="0.826"/>
  <system-out/>
</testsuite> <!-- com.MavenActi.programs.Assignment1 -->
