<?xml version="1.0" encoding="UTF-8"?>
<!-- Generated by org.testng.reporters.JUnitReportReporter -->
<testsuite hostname="DESKTOP-V9SCI2U" failures="0" tests="9" name="com.MavenActi.programs.Assignment5" time="40.421" errors="0" timestamp="2022-11-12T16:15:11 IST" skipped="0">
  <testcase classname="com.MavenActi.programs.Assignment5" name="launchBrowser" time="3.291"/>
  <system-out/>
  <testcase classname="com.MavenActi.programs.Assignment5" name="navigate" time="7.108"/>
  <system-out/>
  <testcase classname="com.MavenActi.programs.Assignment5" name="login" time="5.780"/>
  <system-out/>
  <testcase classname="com.MavenActi.programs.Assignment5" name="minimizeFlyOutwindow" time="2.365"/>
  <system-out/>
  <testcase classname="com.MavenActi.programs.Assignment5" name="addCustomer" time="17.562"/>
  <system-out/>
  <testcase classname="com.MavenActi.programs.Assignment5" name="modifyCustomer" time="1.156"/>
  <system-out/>
  <testcase classname="com.MavenActi.programs.Assignment5" name="deleteCustomer" time="1.239"/>
  <system-out/>
  <testcase classname="com.MavenActi.programs.Assignment5" name="logout" time="1.225"/>
  <system-out/>
  <testcase classname="com.MavenActi.programs.Assignment5" name="closeApp" time="0.695"/>
  <system-out/>
</testsuite> <!-- com.MavenActi.programs.Assignment5 -->
