<?xml version="1.0" encoding="UTF-8"?>
<!-- Generated by org.testng.reporters.JUnitReportReporter -->
<testsuite hostname="DESKTOP-V9SCI2U" failures="0" tests="10" name="com.MavenActi.programs.Assignment8" time="77.995" errors="0" timestamp="2022-11-12T16:15:12 IST" skipped="0">
  <testcase classname="com.MavenActi.programs.Assignment8" name="launchBrowser" time="2.562"/>
  <system-out/>
  <testcase classname="com.MavenActi.programs.Assignment8" name="navigate" time="7.336"/>
  <system-out/>
  <testcase classname="com.MavenActi.programs.Assignment8" name="login" time="5.851"/>
  <system-out/>
  <testcase classname="com.MavenActi.programs.Assignment8" name="minimizeFlyOutwindow" time="2.703"/>
  <system-out/>
  <testcase classname="com.MavenActi.programs.Assignment8" name="addCustomer" time="18.203"/>
  <system-out/>
  <testcase classname="com.MavenActi.programs.Assignment8" name="creatProject" time="12.753"/>
  <system-out/>
  <testcase classname="com.MavenActi.programs.Assignment8" name="CreatTask" time="12.010"/>
  <system-out/>
  <testcase classname="com.MavenActi.programs.Assignment8" name="logout" time="2.928"/>
  <system-out/>
  <testcase classname="com.MavenActi.programs.Assignment8" name="deleteCustomer" time="12.782"/>
  <system-out/>
  <testcase classname="com.MavenActi.programs.Assignment8" name="closeApp" time="0.867"/>
  <system-out/>
</testsuite> <!-- com.MavenActi.programs.Assignment8 -->
