<?xml version="1.0" encoding="UTF-8"?>
<!-- Generated by org.testng.reporters.JUnitReportReporter -->
<testsuite hostname="DESKTOP-V9SCI2U" failures="0" tests="9" name="com.MavenActi.programs.Assignment2" time="47.652" errors="0" timestamp="2022-11-12T16:15:11 IST" skipped="0">
  <testcase classname="com.MavenActi.programs.Assignment2" name="launchBrowser" time="3.654"/>
  <system-out/>
  <testcase classname="com.MavenActi.programs.Assignment2" name="navigate" time="6.722"/>
  <system-out/>
  <testcase classname="com.MavenActi.programs.Assignment2" name="login" time="5.716"/>
  <system-out/>
  <testcase classname="com.MavenActi.programs.Assignment2" name="minimizeFlyOutwindow" time="2.205"/>
  <system-out/>
  <testcase classname="com.MavenActi.programs.Assignment2" name="createUser" time="18.713"/>
  <system-out/>
  <testcase classname="com.MavenActi.programs.Assignment2" name="deleteUser" time="6.591"/>
  <system-out/>
  <testcase classname="com.MavenActi.programs.Assignment2" name="modifyuser" time="0.121"/>
  <system-out/>
  <testcase classname="com.MavenActi.programs.Assignment2" name="logout" time="3.050"/>
  <system-out/>
  <testcase classname="com.MavenActi.programs.Assignment2" name="closeApp" time="0.880"/>
  <system-out/>
</testsuite> <!-- com.MavenActi.programs.Assignment2 -->
