<?xml version="1.0" encoding="UTF-8"?>
<!-- Generated by org.testng.reporters.JUnitReportReporter -->
<testsuite hostname="DESKTOP-V9SCI2U" failures="0" tests="10" name="com.MavenActi.programs.Assignment7" time="38.480" errors="0" timestamp="2022-11-12T16:15:12 IST" skipped="0">
  <testcase classname="com.MavenActi.programs.Assignment7" name="launchBrowser" time="3.159"/>
  <system-out/>
  <testcase classname="com.MavenActi.programs.Assignment7" name="navigate" time="7.351"/>
  <system-out/>
  <testcase classname="com.MavenActi.programs.Assignment7" name="login" time="5.655"/>
  <system-out/>
  <testcase classname="com.MavenActi.programs.Assignment7" name="minimizeFlyOutwindow" time="2.177"/>
  <system-out/>
  <testcase classname="com.MavenActi.programs.Assignment7" name="addCustomer" time="15.825"/>
  <system-out/>
  <testcase classname="com.MavenActi.programs.Assignment7" name="creatProject" time="1.177"/>
  <system-out/>
  <testcase classname="com.MavenActi.programs.Assignment7" name="ModifyProject" time="0.047"/>
  <system-out/>
  <testcase classname="com.MavenActi.programs.Assignment7" name="DeleteProject" time="1.175"/>
  <system-out/>
  <testcase classname="com.MavenActi.programs.Assignment7" name="logout" time="1.177"/>
  <system-out/>
  <testcase classname="com.MavenActi.programs.Assignment7" name="closeApp" time="0.737"/>
  <system-out/>
</testsuite> <!-- com.MavenActi.programs.Assignment7 -->
