<?xml version="1.0" encoding="UTF-8"?>
<!-- Generated by org.testng.reporters.JUnitReportReporter -->
<testsuite hostname="DESKTOP-V9SCI2U" failures="0" tests="9" name="com.MavenActi.programs.Assignment6" time="40.123" errors="0" timestamp="2022-11-12T16:15:12 IST" skipped="0">
  <testcase classname="com.MavenActi.programs.Assignment6" name="launchBrowser" time="3.828"/>
  <system-out/>
  <testcase classname="com.MavenActi.programs.Assignment6" name="navigate" time="6.754"/>
  <system-out/>
  <testcase classname="com.MavenActi.programs.Assignment6" name="login" time="5.657"/>
  <system-out/>
  <testcase classname="com.MavenActi.programs.Assignment6" name="minimizeFlyOutwindow" time="2.250"/>
  <system-out/>
  <testcase classname="com.MavenActi.programs.Assignment6" name="addCustomer" time="17.116"/>
  <system-out/>
  <testcase classname="com.MavenActi.programs.Assignment6" name="creatProject" time="1.118"/>
  <system-out/>
  <testcase classname="com.MavenActi.programs.Assignment6" name="deleteProject" time="1.233"/>
  <system-out/>
  <testcase classname="com.MavenActi.programs.Assignment6" name="logout" time="1.305"/>
  <system-out/>
  <testcase classname="com.MavenActi.programs.Assignment6" name="closeApp" time="0.862"/>
  <system-out/>
</testsuite> <!-- com.MavenActi.programs.Assignment6 -->
