<?xml version="1.0" encoding="UTF-8"?>
<!-- Generated by org.testng.reporters.JUnitReportReporter -->
<testsuite hostname="DESKTOP-V9SCI2U" failures="0" tests="8" name="com.MavenActi.programs.Assignment4" time="38.769" errors="0" timestamp="2022-11-12T16:15:11 IST" skipped="0">
  <testcase classname="com.MavenActi.programs.Assignment4" name="launchBrowser" time="3.394"/>
  <system-out/>
  <testcase classname="com.MavenActi.programs.Assignment4" name="navigate" time="7.551"/>
  <system-out/>
  <testcase classname="com.MavenActi.programs.Assignment4" name="login" time="5.635"/>
  <system-out/>
  <testcase classname="com.MavenActi.programs.Assignment4" name="minimizeFlyOutwindow" time="2.289"/>
  <system-out/>
  <testcase classname="com.MavenActi.programs.Assignment4" name="addCustomer" time="16.916"/>
  <system-out/>
  <testcase classname="com.MavenActi.programs.Assignment4" name="deleteCustomer" time="1.142"/>
  <system-out/>
  <testcase classname="com.MavenActi.programs.Assignment4" name="logout" time="1.186"/>
  <system-out/>
  <testcase classname="com.MavenActi.programs.Assignment4" name="closeApp" time="0.656"/>
  <system-out/>
</testsuite> <!-- com.MavenActi.programs.Assignment4 -->
